<?xml version="1.0" encoding="UTF-8"?>
<testsuite name="WordTest" tests="9" skipped="0" failures="0" errors="0" timestamp="2015-08-21T22:30:57" hostname="Leslies-MacBook-Pro.local" time="0.026">
  <properties/>
  <testcase name="find_returnsWordWithSameId_secondWord" classname="WordTest" time="0.021"/>
  <testcase name="newId_wordsInstantiateWithAnID_true" classname="WordTest" time="0.0"/>
  <testcase name="isCompleted_isFalseAfterInstantiaon_false" classname="WordTest" time="0.0"/>
  <testcase name="Word_instantiatesCorrectly_true" classname="WordTest" time="0.0"/>
  <testcase name="clear_emptiesAllWordsFromArrayList" classname="WordTest" time="0.0"/>
  <testcase name="getCreatedAt_instantiatesWithCurrentTime_today" classname="WordTest" time="0.001"/>
  <testcase name="find_returnsNullWhenNoWordFound_null" classname="WordTest" time="0.001"/>
  <testcase name="all_returnsAllInstancesOfWord_true" classname="WordTest" time="0.0"/>
  <testcase name="word_instantiatesWithDescription_true" classname="WordTest" time="0.0"/>
  <system-out><![CDATA[]]></system-out>
  <system-err><![CDATA[]]></system-err>
</testsuite>
